[0.566s] Invoking command in '/home/cristian/DASProject/Task2_ROS/build/my_formation_rviz': PYTHONPATH=/home/cristian/DASProject/Task2_ROS/install/my_formation_rviz/lib/python3.8/site-packages:${PYTHONPATH} /usr/bin/python3 setup.py develop --prefix /home/cristian/DASProject/Task2_ROS/install/my_formation_rviz --editable --build-directory /home/cristian/DASProject/Task2_ROS/build/my_formation_rviz/build --no-deps install_data --install-dir /home/cristian/DASProject/Task2_ROS/install/my_formation_rviz
[0.776s] running develop
[0.896s] running egg_info
[0.896s] writing my_formation_rviz.egg-info/PKG-INFO
[0.896s] writing dependency_links to my_formation_rviz.egg-info/dependency_links.txt
[0.896s] writing entry points to my_formation_rviz.egg-info/entry_points.txt
[0.896s] writing requirements to my_formation_rviz.egg-info/requires.txt
[0.897s] writing top-level names to my_formation_rviz.egg-info/top_level.txt
[0.930s] reading manifest file 'my_formation_rviz.egg-info/SOURCES.txt'
[0.931s] writing manifest file 'my_formation_rviz.egg-info/SOURCES.txt'
[0.959s] running build_ext
[0.960s] Creating /home/cristian/DASProject/Task2_ROS/install/my_formation_rviz/lib/python3.8/site-packages/my-formation-rviz.egg-link (link to .)
[0.961s] Installing agent_i script to /home/cristian/DASProject/Task2_ROS/install/my_formation_rviz/lib/my_formation_rviz
[0.961s] Installing visualizer script to /home/cristian/DASProject/Task2_ROS/install/my_formation_rviz/lib/my_formation_rviz
[0.961s] 
[0.961s] Installed /home/cristian/DASProject/Task2_ROS/build/my_formation_rviz
[0.961s] running install_data
[0.961s] copying resource/my_formation_rviz -> /home/cristian/DASProject/Task2_ROS/install/my_formation_rviz/share/ament_index/resource_index/packages
[0.962s] copying package.xml -> /home/cristian/DASProject/Task2_ROS/install/my_formation_rviz/share/my_formation_rviz
[0.962s] copying launch/formation.launch.py -> /home/cristian/DASProject/Task2_ROS/install/my_formation_rviz/share/my_formation_rviz
[0.962s] copying resource/rviz_config.rviz -> /home/cristian/DASProject/Task2_ROS/install/my_formation_rviz/share/my_formation_rviz
[0.983s] Invoked command in '/home/cristian/DASProject/Task2_ROS/build/my_formation_rviz' returned '0': PYTHONPATH=/home/cristian/DASProject/Task2_ROS/install/my_formation_rviz/lib/python3.8/site-packages:${PYTHONPATH} /usr/bin/python3 setup.py develop --prefix /home/cristian/DASProject/Task2_ROS/install/my_formation_rviz --editable --build-directory /home/cristian/DASProject/Task2_ROS/build/my_formation_rviz/build --no-deps install_data --install-dir /home/cristian/DASProject/Task2_ROS/install/my_formation_rviz
