[0.133s] DEBUG:colcon:Command line arguments: ['/usr/bin/colcon', 'build', '--symlink-install']
[0.133s] DEBUG:colcon:Parsed command line arguments: Namespace(allow_overriding=[], ament_cmake_args=None, base_paths=['.'], build_base='build', catkin_cmake_args=None, catkin_skip_building_tests=False, cmake_args=None, cmake_clean_cache=False, cmake_clean_first=False, cmake_force_configure=False, cmake_target=None, cmake_target_skip_unavailable=False, continue_on_error=False, event_handlers=None, executor='parallel', ignore_user_meta=False, install_base='install', log_base=None, log_level=None, main=<bound method BuildVerb.main of <colcon_core.verb.build.BuildVerb object at 0x7f012908ca30>>, merge_install=False, metas=['./colcon.meta'], packages_above=None, packages_above_and_dependencies=None, packages_above_depth=None, packages_end=None, packages_ignore=None, packages_ignore_regex=None, packages_select=None, packages_select_build_failed=False, packages_select_by_dep=None, packages_select_regex=None, packages_select_test_failures=False, packages_skip=None, packages_skip_build_finished=False, packages_skip_by_dep=None, packages_skip_regex=None, packages_skip_test_passed=False, packages_skip_up_to=None, packages_start=None, packages_up_to=None, packages_up_to_regex=None, parallel_workers=8, paths=None, symlink_install=True, test_result_base=None, verb_extension=<colcon_core.verb.build.BuildVerb object at 0x7f012908ca30>, verb_name='build', verb_parser=<colcon_defaults.argument_parser.defaults.DefaultArgumentsDecorator object at 0x7f012908cfa0>)
[0.158s] Level 1:colcon.colcon_core.package_discovery:discover_packages(colcon_meta) check parameters
[0.158s] Level 1:colcon.colcon_core.package_discovery:discover_packages(recursive) check parameters
[0.158s] Level 1:colcon.colcon_core.package_discovery:discover_packages(ignore) check parameters
[0.158s] Level 1:colcon.colcon_core.package_discovery:discover_packages(path) check parameters
[0.158s] Level 1:colcon.colcon_core.package_discovery:discover_packages(colcon_meta) discover
[0.158s] Level 1:colcon.colcon_core.package_discovery:discover_packages(recursive) discover
[0.158s] INFO:colcon.colcon_core.package_discovery:Crawling recursively for packages in '/home/cristian/DASProject/Task2_ROS'
[0.158s] Level 1:colcon.colcon_core.package_identification:_identify(.) by extensions ['ignore', 'ignore_ament_install']
[0.158s] Level 1:colcon.colcon_core.package_identification:_identify(.) by extension 'ignore'
[0.158s] Level 1:colcon.colcon_core.package_identification:_identify(.) by extension 'ignore_ament_install'
[0.158s] Level 1:colcon.colcon_core.package_identification:_identify(.) by extensions ['colcon_pkg']
[0.158s] Level 1:colcon.colcon_core.package_identification:_identify(.) by extension 'colcon_pkg'
[0.158s] Level 1:colcon.colcon_core.package_identification:_identify(.) by extensions ['colcon_meta']
[0.158s] Level 1:colcon.colcon_core.package_identification:_identify(.) by extension 'colcon_meta'
[0.159s] Level 1:colcon.colcon_core.package_identification:_identify(.) by extensions ['ros']
[0.159s] Level 1:colcon.colcon_core.package_identification:_identify(.) by extension 'ros'
[0.170s] Level 1:colcon.colcon_core.package_identification:_identify(.) by extensions ['cmake', 'python']
[0.170s] Level 1:colcon.colcon_core.package_identification:_identify(.) by extension 'cmake'
[0.170s] Level 1:colcon.colcon_core.package_identification:_identify(.) by extension 'python'
[0.170s] Level 1:colcon.colcon_core.package_identification:_identify(.) by extensions ['python_setup_py']
[0.170s] Level 1:colcon.colcon_core.package_identification:_identify(.) by extension 'python_setup_py'
[0.170s] Level 1:colcon.colcon_core.package_identification:_identify(_csv_file) by extensions ['ignore', 'ignore_ament_install']
[0.171s] Level 1:colcon.colcon_core.package_identification:_identify(_csv_file) by extension 'ignore'
[0.171s] Level 1:colcon.colcon_core.package_identification:_identify(_csv_file) by extension 'ignore_ament_install'
[0.171s] Level 1:colcon.colcon_core.package_identification:_identify(_csv_file) by extensions ['colcon_pkg']
[0.171s] Level 1:colcon.colcon_core.package_identification:_identify(_csv_file) by extension 'colcon_pkg'
[0.171s] Level 1:colcon.colcon_core.package_identification:_identify(_csv_file) by extensions ['colcon_meta']
[0.171s] Level 1:colcon.colcon_core.package_identification:_identify(_csv_file) by extension 'colcon_meta'
[0.171s] Level 1:colcon.colcon_core.package_identification:_identify(_csv_file) by extensions ['ros']
[0.171s] Level 1:colcon.colcon_core.package_identification:_identify(_csv_file) by extension 'ros'
[0.171s] Level 1:colcon.colcon_core.package_identification:_identify(_csv_file) by extensions ['cmake', 'python']
[0.171s] Level 1:colcon.colcon_core.package_identification:_identify(_csv_file) by extension 'cmake'
[0.171s] Level 1:colcon.colcon_core.package_identification:_identify(_csv_file) by extension 'python'
[0.171s] Level 1:colcon.colcon_core.package_identification:_identify(_csv_file) by extensions ['python_setup_py']
[0.171s] Level 1:colcon.colcon_core.package_identification:_identify(_csv_file) by extension 'python_setup_py'
[0.171s] Level 1:colcon.colcon_core.package_identification:_identify(build) by extensions ['ignore', 'ignore_ament_install']
[0.171s] Level 1:colcon.colcon_core.package_identification:_identify(build) by extension 'ignore'
[0.171s] Level 1:colcon.colcon_core.package_identification:_identify(build) ignored
[0.172s] Level 1:colcon.colcon_core.package_identification:_identify(install) by extensions ['ignore', 'ignore_ament_install']
[0.172s] Level 1:colcon.colcon_core.package_identification:_identify(install) by extension 'ignore'
[0.172s] Level 1:colcon.colcon_core.package_identification:_identify(install) ignored
[0.172s] Level 1:colcon.colcon_core.package_identification:_identify(log) by extensions ['ignore', 'ignore_ament_install']
[0.172s] Level 1:colcon.colcon_core.package_identification:_identify(log) by extension 'ignore'
[0.172s] Level 1:colcon.colcon_core.package_identification:_identify(log) ignored
[0.172s] Level 1:colcon.colcon_core.package_identification:_identify(rviz_files) by extensions ['ignore', 'ignore_ament_install']
[0.172s] Level 1:colcon.colcon_core.package_identification:_identify(rviz_files) by extension 'ignore'
[0.172s] Level 1:colcon.colcon_core.package_identification:_identify(rviz_files) by extension 'ignore_ament_install'
[0.172s] Level 1:colcon.colcon_core.package_identification:_identify(rviz_files) by extensions ['colcon_pkg']
[0.172s] Level 1:colcon.colcon_core.package_identification:_identify(rviz_files) by extension 'colcon_pkg'
[0.172s] Level 1:colcon.colcon_core.package_identification:_identify(rviz_files) by extensions ['colcon_meta']
[0.172s] Level 1:colcon.colcon_core.package_identification:_identify(rviz_files) by extension 'colcon_meta'
[0.172s] Level 1:colcon.colcon_core.package_identification:_identify(rviz_files) by extensions ['ros']
[0.172s] Level 1:colcon.colcon_core.package_identification:_identify(rviz_files) by extension 'ros'
[0.172s] Level 1:colcon.colcon_core.package_identification:_identify(rviz_files) by extensions ['cmake', 'python']
[0.173s] Level 1:colcon.colcon_core.package_identification:_identify(rviz_files) by extension 'cmake'
[0.173s] Level 1:colcon.colcon_core.package_identification:_identify(rviz_files) by extension 'python'
[0.173s] Level 1:colcon.colcon_core.package_identification:_identify(rviz_files) by extensions ['python_setup_py']
[0.173s] Level 1:colcon.colcon_core.package_identification:_identify(rviz_files) by extension 'python_setup_py'
[0.173s] Level 1:colcon.colcon_core.package_identification:_identify(src) by extensions ['ignore', 'ignore_ament_install']
[0.173s] Level 1:colcon.colcon_core.package_identification:_identify(src) by extension 'ignore'
[0.173s] Level 1:colcon.colcon_core.package_identification:_identify(src) by extension 'ignore_ament_install'
[0.173s] Level 1:colcon.colcon_core.package_identification:_identify(src) by extensions ['colcon_pkg']
[0.173s] Level 1:colcon.colcon_core.package_identification:_identify(src) by extension 'colcon_pkg'
[0.173s] Level 1:colcon.colcon_core.package_identification:_identify(src) by extensions ['colcon_meta']
[0.173s] Level 1:colcon.colcon_core.package_identification:_identify(src) by extension 'colcon_meta'
[0.173s] Level 1:colcon.colcon_core.package_identification:_identify(src) by extensions ['ros']
[0.173s] Level 1:colcon.colcon_core.package_identification:_identify(src) by extension 'ros'
[0.173s] Level 1:colcon.colcon_core.package_identification:_identify(src) by extensions ['cmake', 'python']
[0.173s] Level 1:colcon.colcon_core.package_identification:_identify(src) by extension 'cmake'
[0.173s] Level 1:colcon.colcon_core.package_identification:_identify(src) by extension 'python'
[0.173s] Level 1:colcon.colcon_core.package_identification:_identify(src) by extensions ['python_setup_py']
[0.173s] Level 1:colcon.colcon_core.package_identification:_identify(src) by extension 'python_setup_py'
[0.173s] Level 1:colcon.colcon_core.package_identification:_identify(src/my_formation_rviz) by extensions ['ignore', 'ignore_ament_install']
[0.174s] Level 1:colcon.colcon_core.package_identification:_identify(src/my_formation_rviz) by extension 'ignore'
[0.174s] Level 1:colcon.colcon_core.package_identification:_identify(src/my_formation_rviz) by extension 'ignore_ament_install'
[0.174s] Level 1:colcon.colcon_core.package_identification:_identify(src/my_formation_rviz) by extensions ['colcon_pkg']
[0.174s] Level 1:colcon.colcon_core.package_identification:_identify(src/my_formation_rviz) by extension 'colcon_pkg'
[0.174s] Level 1:colcon.colcon_core.package_identification:_identify(src/my_formation_rviz) by extensions ['colcon_meta']
[0.174s] Level 1:colcon.colcon_core.package_identification:_identify(src/my_formation_rviz) by extension 'colcon_meta'
[0.174s] Level 1:colcon.colcon_core.package_identification:_identify(src/my_formation_rviz) by extensions ['ros']
[0.174s] Level 1:colcon.colcon_core.package_identification:_identify(src/my_formation_rviz) by extension 'ros'
[0.176s] DEBUG:colcon.colcon_core.package_identification:Package 'src/my_formation_rviz' with type 'ros.ament_python' and name 'my_formation_rviz'
[0.176s] Level 1:colcon.colcon_core.package_discovery:discover_packages(recursive) using defaults
[0.176s] Level 1:colcon.colcon_core.package_discovery:discover_packages(ignore) discover
[0.176s] Level 1:colcon.colcon_core.package_discovery:discover_packages(ignore) using defaults
[0.176s] Level 1:colcon.colcon_core.package_discovery:discover_packages(path) discover
[0.177s] Level 1:colcon.colcon_core.package_discovery:discover_packages(path) using defaults
[0.197s] Level 1:colcon.colcon_core.package_discovery:discover_packages(prefix_path) check parameters
[0.197s] Level 1:colcon.colcon_core.package_discovery:discover_packages(prefix_path) discover
[0.199s] DEBUG:colcon.colcon_installed_package_information.package_discovery:Found 1 installed packages in /home/cristian/DASProject/Task2_ROS/install
[0.200s] DEBUG:colcon.colcon_installed_package_information.package_discovery:Found 256 installed packages in /opt/ros/foxy
[0.202s] Level 1:colcon.colcon_core.package_discovery:discover_packages(prefix_path) using defaults
[0.290s] Level 5:colcon.colcon_core.verb:set package 'my_formation_rviz' build argument 'cmake_args' from command line to 'None'
[0.290s] Level 5:colcon.colcon_core.verb:set package 'my_formation_rviz' build argument 'cmake_target' from command line to 'None'
[0.291s] Level 5:colcon.colcon_core.verb:set package 'my_formation_rviz' build argument 'cmake_target_skip_unavailable' from command line to 'False'
[0.291s] Level 5:colcon.colcon_core.verb:set package 'my_formation_rviz' build argument 'cmake_clean_cache' from command line to 'False'
[0.291s] Level 5:colcon.colcon_core.verb:set package 'my_formation_rviz' build argument 'cmake_clean_first' from command line to 'False'
[0.291s] Level 5:colcon.colcon_core.verb:set package 'my_formation_rviz' build argument 'cmake_force_configure' from command line to 'False'
[0.291s] Level 5:colcon.colcon_core.verb:set package 'my_formation_rviz' build argument 'ament_cmake_args' from command line to 'None'
[0.291s] Level 5:colcon.colcon_core.verb:set package 'my_formation_rviz' build argument 'catkin_cmake_args' from command line to 'None'
[0.291s] Level 5:colcon.colcon_core.verb:set package 'my_formation_rviz' build argument 'catkin_skip_building_tests' from command line to 'False'
[0.291s] DEBUG:colcon.colcon_core.verb:Building package 'my_formation_rviz' with the following arguments: {'ament_cmake_args': None, 'build_base': '/home/cristian/DASProject/Task2_ROS/build/my_formation_rviz', 'catkin_cmake_args': None, 'catkin_skip_building_tests': False, 'cmake_args': None, 'cmake_clean_cache': False, 'cmake_clean_first': False, 'cmake_force_configure': False, 'cmake_target': None, 'cmake_target_skip_unavailable': False, 'install_base': '/home/cristian/DASProject/Task2_ROS/install/my_formation_rviz', 'merge_install': False, 'path': '/home/cristian/DASProject/Task2_ROS/src/my_formation_rviz', 'symlink_install': True, 'test_result_base': None}
[0.291s] INFO:colcon.colcon_core.executor:Executing jobs using 'parallel' executor
[0.293s] DEBUG:colcon.colcon_parallel_executor.executor.parallel:run_until_complete
[0.293s] INFO:colcon.colcon_ros.task.ament_python.build:Building ROS package in '/home/cristian/DASProject/Task2_ROS/src/my_formation_rviz' with build type 'ament_python'
[0.293s] Level 1:colcon.colcon_core.shell:create_environment_hook('my_formation_rviz', 'ament_prefix_path')
[0.297s] INFO:colcon.colcon_core.plugin_system:Skipping extension 'colcon_core.shell.bat': Not used on non-Windows systems
[0.298s] INFO:colcon.colcon_core.shell:Creating environment hook '/home/cristian/DASProject/Task2_ROS/install/my_formation_rviz/share/my_formation_rviz/hook/ament_prefix_path.ps1'
[0.298s] INFO:colcon.colcon_core.shell:Creating environment descriptor '/home/cristian/DASProject/Task2_ROS/install/my_formation_rviz/share/my_formation_rviz/hook/ament_prefix_path.dsv'
[0.299s] INFO:colcon.colcon_core.shell:Creating environment hook '/home/cristian/DASProject/Task2_ROS/install/my_formation_rviz/share/my_formation_rviz/hook/ament_prefix_path.sh'
[0.300s] INFO:colcon.colcon_core.shell:Skip shell extension 'powershell' for command environment: Not usable outside of PowerShell
[0.300s] DEBUG:colcon.colcon_core.shell:Skip shell extension 'dsv' for command environment
[0.593s] INFO:colcon.colcon_core.task.python.build:Building Python package in '/home/cristian/DASProject/Task2_ROS/src/my_formation_rviz'
[0.594s] INFO:colcon.colcon_core.shell:Skip shell extension 'powershell' for command environment: Not usable outside of PowerShell
[0.594s] DEBUG:colcon.colcon_core.shell:Skip shell extension 'dsv' for command environment
[1.085s] DEBUG:colcon.colcon_core.event_handler.log_command:Invoking command in '/home/cristian/DASProject/Task2_ROS/build/my_formation_rviz': PYTHONPATH=/home/cristian/DASProject/Task2_ROS/install/my_formation_rviz/lib/python3.8/site-packages:${PYTHONPATH} /usr/bin/python3 setup.py develop --prefix /home/cristian/DASProject/Task2_ROS/install/my_formation_rviz --editable --build-directory /home/cristian/DASProject/Task2_ROS/build/my_formation_rviz/build --no-deps install_data --install-dir /home/cristian/DASProject/Task2_ROS/install/my_formation_rviz
[2.076s] Level 1:colcon.colcon_core.shell:create_environment_hook('my_formation_rviz', 'pythonpath_develop')
[2.080s] INFO:colcon.colcon_core.shell:Creating environment hook '/home/cristian/DASProject/Task2_ROS/build/my_formation_rviz/share/my_formation_rviz/hook/pythonpath_develop.ps1'
[2.081s] DEBUG:colcon.colcon_core.event_handler.log_command:Invoked command in '/home/cristian/DASProject/Task2_ROS/build/my_formation_rviz' returned '0': PYTHONPATH=/home/cristian/DASProject/Task2_ROS/install/my_formation_rviz/lib/python3.8/site-packages:${PYTHONPATH} /usr/bin/python3 setup.py develop --prefix /home/cristian/DASProject/Task2_ROS/install/my_formation_rviz --editable --build-directory /home/cristian/DASProject/Task2_ROS/build/my_formation_rviz/build --no-deps install_data --install-dir /home/cristian/DASProject/Task2_ROS/install/my_formation_rviz
[2.082s] INFO:colcon.colcon_core.shell:Creating environment descriptor '/home/cristian/DASProject/Task2_ROS/build/my_formation_rviz/share/my_formation_rviz/hook/pythonpath_develop.dsv'
[2.083s] INFO:colcon.colcon_core.shell:Creating environment hook '/home/cristian/DASProject/Task2_ROS/build/my_formation_rviz/share/my_formation_rviz/hook/pythonpath_develop.sh'
[2.092s] Level 1:colcon.colcon_core.environment:checking '/home/cristian/DASProject/Task2_ROS/install/my_formation_rviz' for CMake module files
[2.094s] Level 1:colcon.colcon_core.environment:checking '/home/cristian/DASProject/Task2_ROS/install/my_formation_rviz' for CMake config files
[2.095s] Level 1:colcon.colcon_core.environment:checking '/home/cristian/DASProject/Task2_ROS/install/my_formation_rviz/lib'
[2.095s] Level 1:colcon.colcon_core.environment:checking '/home/cristian/DASProject/Task2_ROS/install/my_formation_rviz/bin'
[2.096s] Level 1:colcon.colcon_core.environment:checking '/home/cristian/DASProject/Task2_ROS/install/my_formation_rviz/lib/pkgconfig/my_formation_rviz.pc'
[2.096s] Level 1:colcon.colcon_core.environment:checking '/home/cristian/DASProject/Task2_ROS/install/my_formation_rviz/lib/python3.8/site-packages'
[2.096s] Level 1:colcon.colcon_core.shell:create_environment_hook('my_formation_rviz', 'pythonpath')
[2.097s] INFO:colcon.colcon_core.shell:Creating environment hook '/home/cristian/DASProject/Task2_ROS/install/my_formation_rviz/share/my_formation_rviz/hook/pythonpath.ps1'
[2.098s] INFO:colcon.colcon_core.shell:Creating environment descriptor '/home/cristian/DASProject/Task2_ROS/install/my_formation_rviz/share/my_formation_rviz/hook/pythonpath.dsv'
[2.099s] INFO:colcon.colcon_core.shell:Creating environment hook '/home/cristian/DASProject/Task2_ROS/install/my_formation_rviz/share/my_formation_rviz/hook/pythonpath.sh'
[2.100s] Level 1:colcon.colcon_core.environment:checking '/home/cristian/DASProject/Task2_ROS/install/my_formation_rviz/bin'
[2.100s] Level 1:colcon.colcon_core.environment:create_environment_scripts_only(my_formation_rviz)
[2.101s] INFO:colcon.colcon_core.shell:Creating package script '/home/cristian/DASProject/Task2_ROS/install/my_formation_rviz/share/my_formation_rviz/package.ps1'
[2.104s] INFO:colcon.colcon_core.shell:Creating package descriptor '/home/cristian/DASProject/Task2_ROS/install/my_formation_rviz/share/my_formation_rviz/package.dsv'
[2.106s] INFO:colcon.colcon_core.shell:Creating package script '/home/cristian/DASProject/Task2_ROS/install/my_formation_rviz/share/my_formation_rviz/package.sh'
[2.107s] INFO:colcon.colcon_core.shell:Creating package script '/home/cristian/DASProject/Task2_ROS/install/my_formation_rviz/share/my_formation_rviz/package.bash'
[2.110s] INFO:colcon.colcon_core.shell:Creating package script '/home/cristian/DASProject/Task2_ROS/install/my_formation_rviz/share/my_formation_rviz/package.zsh'
[2.112s] Level 1:colcon.colcon_core.environment:create_file_with_runtime_dependencies(/home/cristian/DASProject/Task2_ROS/install/my_formation_rviz/share/colcon-core/packages/my_formation_rviz)
[2.113s] DEBUG:colcon.colcon_parallel_executor.executor.parallel:closing loop
[2.114s] DEBUG:colcon.colcon_parallel_executor.executor.parallel:loop closed
[2.114s] DEBUG:colcon.colcon_parallel_executor.executor.parallel:run_until_complete finished with '0'
[2.114s] DEBUG:colcon.colcon_core.event_reactor:joining thread
[2.128s] INFO:colcon.colcon_core.plugin_system:Skipping extension 'colcon_notification.desktop_notification.terminal_notifier': Not used on non-Darwin systems
[2.132s] INFO:colcon.colcon_core.plugin_system:Skipping extension 'colcon_notification.desktop_notification.win32': Not used on non-Windows systems
[2.133s] INFO:colcon.colcon_notification.desktop_notification:Sending desktop notification using 'notify2'
[2.156s] DEBUG:colcon.colcon_core.event_reactor:joined thread
[2.157s] INFO:colcon.colcon_core.shell:Creating prefix script '/home/cristian/DASProject/Task2_ROS/install/local_setup.ps1'
[2.160s] INFO:colcon.colcon_core.shell:Creating prefix util module '/home/cristian/DASProject/Task2_ROS/install/_local_setup_util_ps1.py'
[2.162s] INFO:colcon.colcon_core.shell:Creating prefix chain script '/home/cristian/DASProject/Task2_ROS/install/setup.ps1'
[2.167s] INFO:colcon.colcon_core.shell:Creating prefix script '/home/cristian/DASProject/Task2_ROS/install/local_setup.sh'
[2.168s] INFO:colcon.colcon_core.shell:Creating prefix util module '/home/cristian/DASProject/Task2_ROS/install/_local_setup_util_sh.py'
[2.169s] INFO:colcon.colcon_core.shell:Creating prefix chain script '/home/cristian/DASProject/Task2_ROS/install/setup.sh'
[2.172s] INFO:colcon.colcon_core.shell:Creating prefix script '/home/cristian/DASProject/Task2_ROS/install/local_setup.bash'
[2.174s] INFO:colcon.colcon_core.shell:Creating prefix chain script '/home/cristian/DASProject/Task2_ROS/install/setup.bash'
[2.176s] INFO:colcon.colcon_core.shell:Creating prefix script '/home/cristian/DASProject/Task2_ROS/install/local_setup.zsh'
[2.176s] INFO:colcon.colcon_core.shell:Creating prefix chain script '/home/cristian/DASProject/Task2_ROS/install/setup.zsh'
