[0.173s] DEBUG:colcon:Command line arguments: ['/usr/bin/colcon', 'build', '--symlink-install']
[0.174s] DEBUG:colcon:Parsed command line arguments: Namespace(allow_overriding=[], ament_cmake_args=None, base_paths=['.'], build_base='build', catkin_cmake_args=None, catkin_skip_building_tests=False, cmake_args=None, cmake_clean_cache=False, cmake_clean_first=False, cmake_force_configure=False, cmake_target=None, cmake_target_skip_unavailable=False, continue_on_error=False, event_handlers=None, executor='parallel', ignore_user_meta=False, install_base='install', log_base=None, log_level=None, main=<bound method BuildVerb.main of <colcon_core.verb.build.BuildVerb object at 0x7fde5a9a3ac0>>, merge_install=False, metas=['./colcon.meta'], packages_above=None, packages_above_and_dependencies=None, packages_above_depth=None, packages_end=None, packages_ignore=None, packages_ignore_regex=None, packages_select=None, packages_select_build_failed=False, packages_select_by_dep=None, packages_select_regex=None, packages_select_test_failures=False, packages_skip=None, packages_skip_build_finished=False, packages_skip_by_dep=None, packages_skip_regex=None, packages_skip_test_passed=False, packages_skip_up_to=None, packages_start=None, packages_up_to=None, packages_up_to_regex=None, parallel_workers=8, paths=None, symlink_install=True, test_result_base=None, verb_extension=<colcon_core.verb.build.BuildVerb object at 0x7fde5a9a3ac0>, verb_name='build', verb_parser=<colcon_defaults.argument_parser.defaults.DefaultArgumentsDecorator object at 0x7fde5a930070>)
[0.209s] Level 1:colcon.colcon_core.package_discovery:discover_packages(colcon_meta) check parameters
[0.209s] Level 1:colcon.colcon_core.package_discovery:discover_packages(recursive) check parameters
[0.210s] Level 1:colcon.colcon_core.package_discovery:discover_packages(ignore) check parameters
[0.210s] Level 1:colcon.colcon_core.package_discovery:discover_packages(path) check parameters
[0.210s] Level 1:colcon.colcon_core.package_discovery:discover_packages(colcon_meta) discover
[0.210s] Level 1:colcon.colcon_core.package_discovery:discover_packages(recursive) discover
[0.210s] INFO:colcon.colcon_core.package_discovery:Crawling recursively for packages in '/home/cristian/DASProject/Task2_ROS'
[0.210s] Level 1:colcon.colcon_core.package_identification:_identify(.) by extensions ['ignore', 'ignore_ament_install']
[0.210s] Level 1:colcon.colcon_core.package_identification:_identify(.) by extension 'ignore'
[0.210s] Level 1:colcon.colcon_core.package_identification:_identify(.) by extension 'ignore_ament_install'
[0.211s] Level 1:colcon.colcon_core.package_identification:_identify(.) by extensions ['colcon_pkg']
[0.211s] Level 1:colcon.colcon_core.package_identification:_identify(.) by extension 'colcon_pkg'
[0.211s] Level 1:colcon.colcon_core.package_identification:_identify(.) by extensions ['colcon_meta']
[0.211s] Level 1:colcon.colcon_core.package_identification:_identify(.) by extension 'colcon_meta'
[0.211s] Level 1:colcon.colcon_core.package_identification:_identify(.) by extensions ['ros']
[0.211s] Level 1:colcon.colcon_core.package_identification:_identify(.) by extension 'ros'
[0.228s] Level 1:colcon.colcon_core.package_identification:_identify(.) by extensions ['cmake', 'python']
[0.228s] Level 1:colcon.colcon_core.package_identification:_identify(.) by extension 'cmake'
[0.228s] Level 1:colcon.colcon_core.package_identification:_identify(.) by extension 'python'
[0.228s] Level 1:colcon.colcon_core.package_identification:_identify(.) by extensions ['python_setup_py']
[0.228s] Level 1:colcon.colcon_core.package_identification:_identify(.) by extension 'python_setup_py'
[0.228s] Level 1:colcon.colcon_core.package_identification:_identify(_csv_file) by extensions ['ignore', 'ignore_ament_install']
[0.228s] Level 1:colcon.colcon_core.package_identification:_identify(_csv_file) by extension 'ignore'
[0.228s] Level 1:colcon.colcon_core.package_identification:_identify(_csv_file) by extension 'ignore_ament_install'
[0.228s] Level 1:colcon.colcon_core.package_identification:_identify(_csv_file) by extensions ['colcon_pkg']
[0.229s] Level 1:colcon.colcon_core.package_identification:_identify(_csv_file) by extension 'colcon_pkg'
[0.229s] Level 1:colcon.colcon_core.package_identification:_identify(_csv_file) by extensions ['colcon_meta']
[0.229s] Level 1:colcon.colcon_core.package_identification:_identify(_csv_file) by extension 'colcon_meta'
[0.229s] Level 1:colcon.colcon_core.package_identification:_identify(_csv_file) by extensions ['ros']
[0.229s] Level 1:colcon.colcon_core.package_identification:_identify(_csv_file) by extension 'ros'
[0.229s] Level 1:colcon.colcon_core.package_identification:_identify(_csv_file) by extensions ['cmake', 'python']
[0.229s] Level 1:colcon.colcon_core.package_identification:_identify(_csv_file) by extension 'cmake'
[0.229s] Level 1:colcon.colcon_core.package_identification:_identify(_csv_file) by extension 'python'
[0.229s] Level 1:colcon.colcon_core.package_identification:_identify(_csv_file) by extensions ['python_setup_py']
[0.229s] Level 1:colcon.colcon_core.package_identification:_identify(_csv_file) by extension 'python_setup_py'
[0.229s] Level 1:colcon.colcon_core.package_identification:_identify(build) by extensions ['ignore', 'ignore_ament_install']
[0.229s] Level 1:colcon.colcon_core.package_identification:_identify(build) by extension 'ignore'
[0.229s] Level 1:colcon.colcon_core.package_identification:_identify(build) ignored
[0.230s] Level 1:colcon.colcon_core.package_identification:_identify(install) by extensions ['ignore', 'ignore_ament_install']
[0.230s] Level 1:colcon.colcon_core.package_identification:_identify(install) by extension 'ignore'
[0.230s] Level 1:colcon.colcon_core.package_identification:_identify(install) ignored
[0.230s] Level 1:colcon.colcon_core.package_identification:_identify(log) by extensions ['ignore', 'ignore_ament_install']
[0.230s] Level 1:colcon.colcon_core.package_identification:_identify(log) by extension 'ignore'
[0.230s] Level 1:colcon.colcon_core.package_identification:_identify(log) ignored
[0.230s] Level 1:colcon.colcon_core.package_identification:_identify(rviz_files) by extensions ['ignore', 'ignore_ament_install']
[0.230s] Level 1:colcon.colcon_core.package_identification:_identify(rviz_files) by extension 'ignore'
[0.231s] Level 1:colcon.colcon_core.package_identification:_identify(rviz_files) by extension 'ignore_ament_install'
[0.231s] Level 1:colcon.colcon_core.package_identification:_identify(rviz_files) by extensions ['colcon_pkg']
[0.231s] Level 1:colcon.colcon_core.package_identification:_identify(rviz_files) by extension 'colcon_pkg'
[0.231s] Level 1:colcon.colcon_core.package_identification:_identify(rviz_files) by extensions ['colcon_meta']
[0.231s] Level 1:colcon.colcon_core.package_identification:_identify(rviz_files) by extension 'colcon_meta'
[0.231s] Level 1:colcon.colcon_core.package_identification:_identify(rviz_files) by extensions ['ros']
[0.231s] Level 1:colcon.colcon_core.package_identification:_identify(rviz_files) by extension 'ros'
[0.231s] Level 1:colcon.colcon_core.package_identification:_identify(rviz_files) by extensions ['cmake', 'python']
[0.231s] Level 1:colcon.colcon_core.package_identification:_identify(rviz_files) by extension 'cmake'
[0.231s] Level 1:colcon.colcon_core.package_identification:_identify(rviz_files) by extension 'python'
[0.231s] Level 1:colcon.colcon_core.package_identification:_identify(rviz_files) by extensions ['python_setup_py']
[0.231s] Level 1:colcon.colcon_core.package_identification:_identify(rviz_files) by extension 'python_setup_py'
[0.231s] Level 1:colcon.colcon_core.package_identification:_identify(src) by extensions ['ignore', 'ignore_ament_install']
[0.232s] Level 1:colcon.colcon_core.package_identification:_identify(src) by extension 'ignore'
[0.232s] Level 1:colcon.colcon_core.package_identification:_identify(src) by extension 'ignore_ament_install'
[0.232s] Level 1:colcon.colcon_core.package_identification:_identify(src) by extensions ['colcon_pkg']
[0.232s] Level 1:colcon.colcon_core.package_identification:_identify(src) by extension 'colcon_pkg'
[0.232s] Level 1:colcon.colcon_core.package_identification:_identify(src) by extensions ['colcon_meta']
[0.232s] Level 1:colcon.colcon_core.package_identification:_identify(src) by extension 'colcon_meta'
[0.232s] Level 1:colcon.colcon_core.package_identification:_identify(src) by extensions ['ros']
[0.232s] Level 1:colcon.colcon_core.package_identification:_identify(src) by extension 'ros'
[0.232s] Level 1:colcon.colcon_core.package_identification:_identify(src) by extensions ['cmake', 'python']
[0.232s] Level 1:colcon.colcon_core.package_identification:_identify(src) by extension 'cmake'
[0.232s] Level 1:colcon.colcon_core.package_identification:_identify(src) by extension 'python'
[0.232s] Level 1:colcon.colcon_core.package_identification:_identify(src) by extensions ['python_setup_py']
[0.232s] Level 1:colcon.colcon_core.package_identification:_identify(src) by extension 'python_setup_py'
[0.232s] Level 1:colcon.colcon_core.package_identification:_identify(src/my_formation_rviz) by extensions ['ignore', 'ignore_ament_install']
[0.233s] Level 1:colcon.colcon_core.package_identification:_identify(src/my_formation_rviz) by extension 'ignore'
[0.233s] Level 1:colcon.colcon_core.package_identification:_identify(src/my_formation_rviz) by extension 'ignore_ament_install'
[0.233s] Level 1:colcon.colcon_core.package_identification:_identify(src/my_formation_rviz) by extensions ['colcon_pkg']
[0.233s] Level 1:colcon.colcon_core.package_identification:_identify(src/my_formation_rviz) by extension 'colcon_pkg'
[0.233s] Level 1:colcon.colcon_core.package_identification:_identify(src/my_formation_rviz) by extensions ['colcon_meta']
[0.233s] Level 1:colcon.colcon_core.package_identification:_identify(src/my_formation_rviz) by extension 'colcon_meta'
[0.233s] Level 1:colcon.colcon_core.package_identification:_identify(src/my_formation_rviz) by extensions ['ros']
[0.233s] Level 1:colcon.colcon_core.package_identification:_identify(src/my_formation_rviz) by extension 'ros'
[0.236s] DEBUG:colcon.colcon_core.package_identification:Package 'src/my_formation_rviz' with type 'ros.ament_python' and name 'my_formation_rviz'
[0.236s] Level 1:colcon.colcon_core.package_discovery:discover_packages(recursive) using defaults
[0.236s] Level 1:colcon.colcon_core.package_discovery:discover_packages(ignore) discover
[0.236s] Level 1:colcon.colcon_core.package_discovery:discover_packages(ignore) using defaults
[0.236s] Level 1:colcon.colcon_core.package_discovery:discover_packages(path) discover
[0.237s] Level 1:colcon.colcon_core.package_discovery:discover_packages(path) using defaults
[0.262s] Level 1:colcon.colcon_core.package_discovery:discover_packages(prefix_path) check parameters
[0.262s] Level 1:colcon.colcon_core.package_discovery:discover_packages(prefix_path) discover
[0.266s] DEBUG:colcon.colcon_installed_package_information.package_discovery:Found 1 installed packages in /home/cristian/DASProject/Task2_ROS/install
[0.267s] DEBUG:colcon.colcon_installed_package_information.package_discovery:Found 256 installed packages in /opt/ros/foxy
[0.269s] Level 1:colcon.colcon_core.package_discovery:discover_packages(prefix_path) using defaults
[0.376s] Level 5:colcon.colcon_core.verb:set package 'my_formation_rviz' build argument 'cmake_args' from command line to 'None'
[0.376s] Level 5:colcon.colcon_core.verb:set package 'my_formation_rviz' build argument 'cmake_target' from command line to 'None'
[0.376s] Level 5:colcon.colcon_core.verb:set package 'my_formation_rviz' build argument 'cmake_target_skip_unavailable' from command line to 'False'
[0.376s] Level 5:colcon.colcon_core.verb:set package 'my_formation_rviz' build argument 'cmake_clean_cache' from command line to 'False'
[0.376s] Level 5:colcon.colcon_core.verb:set package 'my_formation_rviz' build argument 'cmake_clean_first' from command line to 'False'
[0.376s] Level 5:colcon.colcon_core.verb:set package 'my_formation_rviz' build argument 'cmake_force_configure' from command line to 'False'
[0.376s] Level 5:colcon.colcon_core.verb:set package 'my_formation_rviz' build argument 'ament_cmake_args' from command line to 'None'
[0.376s] Level 5:colcon.colcon_core.verb:set package 'my_formation_rviz' build argument 'catkin_cmake_args' from command line to 'None'
[0.376s] Level 5:colcon.colcon_core.verb:set package 'my_formation_rviz' build argument 'catkin_skip_building_tests' from command line to 'False'
[0.376s] DEBUG:colcon.colcon_core.verb:Building package 'my_formation_rviz' with the following arguments: {'ament_cmake_args': None, 'build_base': '/home/cristian/DASProject/Task2_ROS/build/my_formation_rviz', 'catkin_cmake_args': None, 'catkin_skip_building_tests': False, 'cmake_args': None, 'cmake_clean_cache': False, 'cmake_clean_first': False, 'cmake_force_configure': False, 'cmake_target': None, 'cmake_target_skip_unavailable': False, 'install_base': '/home/cristian/DASProject/Task2_ROS/install/my_formation_rviz', 'merge_install': False, 'path': '/home/cristian/DASProject/Task2_ROS/src/my_formation_rviz', 'symlink_install': True, 'test_result_base': None}
[0.377s] INFO:colcon.colcon_core.executor:Executing jobs using 'parallel' executor
[0.379s] DEBUG:colcon.colcon_parallel_executor.executor.parallel:run_until_complete
[0.379s] INFO:colcon.colcon_ros.task.ament_python.build:Building ROS package in '/home/cristian/DASProject/Task2_ROS/src/my_formation_rviz' with build type 'ament_python'
[0.379s] Level 1:colcon.colcon_core.shell:create_environment_hook('my_formation_rviz', 'ament_prefix_path')
[0.384s] INFO:colcon.colcon_core.plugin_system:Skipping extension 'colcon_core.shell.bat': Not used on non-Windows systems
[0.384s] INFO:colcon.colcon_core.shell:Creating environment hook '/home/cristian/DASProject/Task2_ROS/install/my_formation_rviz/share/my_formation_rviz/hook/ament_prefix_path.ps1'
[0.384s] INFO:colcon.colcon_core.shell:Creating environment descriptor '/home/cristian/DASProject/Task2_ROS/install/my_formation_rviz/share/my_formation_rviz/hook/ament_prefix_path.dsv'
[0.385s] INFO:colcon.colcon_core.shell:Creating environment hook '/home/cristian/DASProject/Task2_ROS/install/my_formation_rviz/share/my_formation_rviz/hook/ament_prefix_path.sh'
[0.386s] INFO:colcon.colcon_core.shell:Skip shell extension 'powershell' for command environment: Not usable outside of PowerShell
[0.386s] DEBUG:colcon.colcon_core.shell:Skip shell extension 'dsv' for command environment
[0.740s] INFO:colcon.colcon_core.task.python.build:Building Python package in '/home/cristian/DASProject/Task2_ROS/src/my_formation_rviz'
[0.742s] INFO:colcon.colcon_core.shell:Skip shell extension 'powershell' for command environment: Not usable outside of PowerShell
[0.742s] DEBUG:colcon.colcon_core.shell:Skip shell extension 'dsv' for command environment
[1.283s] DEBUG:colcon.colcon_core.event_handler.log_command:Invoking command in '/home/cristian/DASProject/Task2_ROS/build/my_formation_rviz': PYTHONPATH=/home/cristian/DASProject/Task2_ROS/install/my_formation_rviz/lib/python3.8/site-packages:${PYTHONPATH} /usr/bin/python3 setup.py develop --prefix /home/cristian/DASProject/Task2_ROS/install/my_formation_rviz --editable --build-directory /home/cristian/DASProject/Task2_ROS/build/my_formation_rviz/build --no-deps install_data --install-dir /home/cristian/DASProject/Task2_ROS/install/my_formation_rviz
[1.887s] Level 1:colcon.colcon_core.shell:create_environment_hook('my_formation_rviz', 'pythonpath_develop')
[1.888s] INFO:colcon.colcon_core.shell:Creating environment hook '/home/cristian/DASProject/Task2_ROS/build/my_formation_rviz/share/my_formation_rviz/hook/pythonpath_develop.ps1'
[1.889s] DEBUG:colcon.colcon_core.event_handler.log_command:Invoked command in '/home/cristian/DASProject/Task2_ROS/build/my_formation_rviz' returned '0': PYTHONPATH=/home/cristian/DASProject/Task2_ROS/install/my_formation_rviz/lib/python3.8/site-packages:${PYTHONPATH} /usr/bin/python3 setup.py develop --prefix /home/cristian/DASProject/Task2_ROS/install/my_formation_rviz --editable --build-directory /home/cristian/DASProject/Task2_ROS/build/my_formation_rviz/build --no-deps install_data --install-dir /home/cristian/DASProject/Task2_ROS/install/my_formation_rviz
[1.889s] INFO:colcon.colcon_core.shell:Creating environment descriptor '/home/cristian/DASProject/Task2_ROS/build/my_formation_rviz/share/my_formation_rviz/hook/pythonpath_develop.dsv'
[1.890s] INFO:colcon.colcon_core.shell:Creating environment hook '/home/cristian/DASProject/Task2_ROS/build/my_formation_rviz/share/my_formation_rviz/hook/pythonpath_develop.sh'
[1.896s] Level 1:colcon.colcon_core.environment:checking '/home/cristian/DASProject/Task2_ROS/install/my_formation_rviz' for CMake module files
[1.897s] Level 1:colcon.colcon_core.environment:checking '/home/cristian/DASProject/Task2_ROS/install/my_formation_rviz' for CMake config files
[1.898s] Level 1:colcon.colcon_core.environment:checking '/home/cristian/DASProject/Task2_ROS/install/my_formation_rviz/lib'
[1.898s] Level 1:colcon.colcon_core.environment:checking '/home/cristian/DASProject/Task2_ROS/install/my_formation_rviz/bin'
[1.899s] Level 1:colcon.colcon_core.environment:checking '/home/cristian/DASProject/Task2_ROS/install/my_formation_rviz/lib/pkgconfig/my_formation_rviz.pc'
[1.899s] Level 1:colcon.colcon_core.environment:checking '/home/cristian/DASProject/Task2_ROS/install/my_formation_rviz/lib/python3.8/site-packages'
[1.899s] Level 1:colcon.colcon_core.shell:create_environment_hook('my_formation_rviz', 'pythonpath')
[1.900s] INFO:colcon.colcon_core.shell:Creating environment hook '/home/cristian/DASProject/Task2_ROS/install/my_formation_rviz/share/my_formation_rviz/hook/pythonpath.ps1'
[1.901s] INFO:colcon.colcon_core.shell:Creating environment descriptor '/home/cristian/DASProject/Task2_ROS/install/my_formation_rviz/share/my_formation_rviz/hook/pythonpath.dsv'
[1.901s] INFO:colcon.colcon_core.shell:Creating environment hook '/home/cristian/DASProject/Task2_ROS/install/my_formation_rviz/share/my_formation_rviz/hook/pythonpath.sh'
[1.902s] Level 1:colcon.colcon_core.environment:checking '/home/cristian/DASProject/Task2_ROS/install/my_formation_rviz/bin'
[1.902s] Level 1:colcon.colcon_core.environment:create_environment_scripts_only(my_formation_rviz)
[1.903s] INFO:colcon.colcon_core.shell:Creating package script '/home/cristian/DASProject/Task2_ROS/install/my_formation_rviz/share/my_formation_rviz/package.ps1'
[1.905s] INFO:colcon.colcon_core.shell:Creating package descriptor '/home/cristian/DASProject/Task2_ROS/install/my_formation_rviz/share/my_formation_rviz/package.dsv'
[1.906s] INFO:colcon.colcon_core.shell:Creating package script '/home/cristian/DASProject/Task2_ROS/install/my_formation_rviz/share/my_formation_rviz/package.sh'
[1.907s] INFO:colcon.colcon_core.shell:Creating package script '/home/cristian/DASProject/Task2_ROS/install/my_formation_rviz/share/my_formation_rviz/package.bash'
[1.908s] INFO:colcon.colcon_core.shell:Creating package script '/home/cristian/DASProject/Task2_ROS/install/my_formation_rviz/share/my_formation_rviz/package.zsh'
[1.909s] Level 1:colcon.colcon_core.environment:create_file_with_runtime_dependencies(/home/cristian/DASProject/Task2_ROS/install/my_formation_rviz/share/colcon-core/packages/my_formation_rviz)
[1.909s] DEBUG:colcon.colcon_parallel_executor.executor.parallel:closing loop
[1.910s] DEBUG:colcon.colcon_parallel_executor.executor.parallel:loop closed
[1.910s] DEBUG:colcon.colcon_parallel_executor.executor.parallel:run_until_complete finished with '0'
[1.910s] DEBUG:colcon.colcon_core.event_reactor:joining thread
[1.920s] INFO:colcon.colcon_core.plugin_system:Skipping extension 'colcon_notification.desktop_notification.terminal_notifier': Not used on non-Darwin systems
[1.920s] INFO:colcon.colcon_core.plugin_system:Skipping extension 'colcon_notification.desktop_notification.win32': Not used on non-Windows systems
[1.920s] INFO:colcon.colcon_notification.desktop_notification:Sending desktop notification using 'notify2'
[1.936s] DEBUG:colcon.colcon_core.event_reactor:joined thread
[1.937s] INFO:colcon.colcon_core.shell:Creating prefix script '/home/cristian/DASProject/Task2_ROS/install/local_setup.ps1'
[1.939s] INFO:colcon.colcon_core.shell:Creating prefix util module '/home/cristian/DASProject/Task2_ROS/install/_local_setup_util_ps1.py'
[1.941s] INFO:colcon.colcon_core.shell:Creating prefix chain script '/home/cristian/DASProject/Task2_ROS/install/setup.ps1'
[1.943s] INFO:colcon.colcon_core.shell:Creating prefix script '/home/cristian/DASProject/Task2_ROS/install/local_setup.sh'
[1.944s] INFO:colcon.colcon_core.shell:Creating prefix util module '/home/cristian/DASProject/Task2_ROS/install/_local_setup_util_sh.py'
[1.945s] INFO:colcon.colcon_core.shell:Creating prefix chain script '/home/cristian/DASProject/Task2_ROS/install/setup.sh'
[1.949s] INFO:colcon.colcon_core.shell:Creating prefix script '/home/cristian/DASProject/Task2_ROS/install/local_setup.bash'
[1.950s] INFO:colcon.colcon_core.shell:Creating prefix chain script '/home/cristian/DASProject/Task2_ROS/install/setup.bash'
[1.953s] INFO:colcon.colcon_core.shell:Creating prefix script '/home/cristian/DASProject/Task2_ROS/install/local_setup.zsh'
[1.954s] INFO:colcon.colcon_core.shell:Creating prefix chain script '/home/cristian/DASProject/Task2_ROS/install/setup.zsh'
