[0.927s] Invoking command in '/home/cristian/DASProject/Task2_ROS/build/my_formation_rviz': PYTHONPATH=/home/cristian/DASProject/Task2_ROS/install/my_formation_rviz/lib/python3.8/site-packages:${PYTHONPATH} /usr/bin/python3 setup.py develop --prefix /home/cristian/DASProject/Task2_ROS/install/my_formation_rviz --editable --build-directory /home/cristian/DASProject/Task2_ROS/build/my_formation_rviz/build --no-deps install_data --install-dir /home/cristian/DASProject/Task2_ROS/install/my_formation_rviz
[1.200s] running develop
[1.366s] running egg_info
[1.367s] creating my_formation_rviz.egg-info
[1.367s] writing my_formation_rviz.egg-info/PKG-INFO
[1.367s] writing dependency_links to my_formation_rviz.egg-info/dependency_links.txt
[1.367s] writing entry points to my_formation_rviz.egg-info/entry_points.txt
[1.367s] writing requirements to my_formation_rviz.egg-info/requires.txt
[1.367s] writing top-level names to my_formation_rviz.egg-info/top_level.txt
[1.369s] writing manifest file 'my_formation_rviz.egg-info/SOURCES.txt'
[1.403s] reading manifest file 'my_formation_rviz.egg-info/SOURCES.txt'
[1.403s] writing manifest file 'my_formation_rviz.egg-info/SOURCES.txt'
[1.444s] running build_ext
[1.444s] Creating /home/cristian/DASProject/Task2_ROS/install/my_formation_rviz/lib/python3.8/site-packages/site.py
[1.446s] Creating /home/cristian/DASProject/Task2_ROS/install/my_formation_rviz/lib/python3.8/site-packages/my-formation-rviz.egg-link (link to .)
[1.447s] Installing agent_i script to /home/cristian/DASProject/Task2_ROS/install/my_formation_rviz/lib/my_formation_rviz
[1.447s] Installing visualizer script to /home/cristian/DASProject/Task2_ROS/install/my_formation_rviz/lib/my_formation_rviz
[1.447s] 
[1.448s] Installed /home/cristian/DASProject/Task2_ROS/build/my_formation_rviz
[1.448s] running install_data
[1.448s] creating /home/cristian/DASProject/Task2_ROS/install/my_formation_rviz/share/ament_index
[1.448s] creating /home/cristian/DASProject/Task2_ROS/install/my_formation_rviz/share/ament_index/resource_index
[1.448s] creating /home/cristian/DASProject/Task2_ROS/install/my_formation_rviz/share/ament_index/resource_index/packages
[1.448s] copying resource/my_formation_rviz -> /home/cristian/DASProject/Task2_ROS/install/my_formation_rviz/share/ament_index/resource_index/packages
[1.448s] copying package.xml -> /home/cristian/DASProject/Task2_ROS/install/my_formation_rviz/share/my_formation_rviz
[1.448s] copying launch/formation.launch.py -> /home/cristian/DASProject/Task2_ROS/install/my_formation_rviz/share/my_formation_rviz
[1.448s] copying resource/rviz_config.rviz -> /home/cristian/DASProject/Task2_ROS/install/my_formation_rviz/share/my_formation_rviz
[1.483s] Invoked command in '/home/cristian/DASProject/Task2_ROS/build/my_formation_rviz' returned '0': PYTHONPATH=/home/cristian/DASProject/Task2_ROS/install/my_formation_rviz/lib/python3.8/site-packages:${PYTHONPATH} /usr/bin/python3 setup.py develop --prefix /home/cristian/DASProject/Task2_ROS/install/my_formation_rviz --editable --build-directory /home/cristian/DASProject/Task2_ROS/build/my_formation_rviz/build --no-deps install_data --install-dir /home/cristian/DASProject/Task2_ROS/install/my_formation_rviz
